::1 - - [29/Oct/2017:07:55:53 +0000] "GET /login HTTP/1.1" 302 56
::1 - - [29/Oct/2017:07:55:53 +0000] "GET /login HTTP/1.1" 302 56
::1 - - [29/Oct/2017:07:55:53 +0000] "GET /login HTTP/1.1" 302 56
::1 - - [29/Oct/2017:07:55:53 +0000] "GET /login HTTP/1.1" 302 56
::1 - - [29/Oct/2017:07:55:53 +0000] "GET /login HTTP/1.1" 302 56
::1 - - [29/Oct/2017:07:55:53 +0000] "GET /login HTTP/1.1" 302 56
::1 - - [29/Oct/2017:07:55:53 +0000] "GET /login HTTP/1.1" 302 56
::1 - - [29/Oct/2017:07:55:53 +0000] "GET /login HTTP/1.1" 302 56
::1 - - [29/Oct/2017:07:55:53 +0000] "GET /login HTTP/1.1" 302 56
::1 - - [29/Oct/2017:07:55:53 +0000] "GET /login HTTP/1.1" 302 56
::1 - - [29/Oct/2017:07:55:53 +0000] "GET /login HTTP/1.1" 302 56
::1 - - [29/Oct/2017:07:55:53 +0000] "GET /login HTTP/1.1" 302 56
::1 - - [29/Oct/2017:07:55:53 +0000] "GET /login HTTP/1.1" 302 56
::1 - - [29/Oct/2017:07:55:53 +0000] "GET /login HTTP/1.1" 302 56
::1 - - [29/Oct/2017:07:55:53 +0000] "GET /login HTTP/1.1" 302 56
::1 - - [29/Oct/2017:07:55:53 +0000] "GET /login HTTP/1.1" 302 56
::1 - - [29/Oct/2017:07:55:53 +0000] "GET /login HTTP/1.1" 302 56
::1 - - [29/Oct/2017:07:55:53 +0000] "GET /login HTTP/1.1" 302 56
::1 - - [29/Oct/2017:07:55:53 +0000] "GET /login HTTP/1.1" 302 56
::1 - - [29/Oct/2017:07:55:53 +0000] "GET /login HTTP/1.1" 302 56
::1 - - [29/Oct/2017:07:55:53 +0000] "GET /login HTTP/1.1" 302 56
::1 - - [29/Oct/2017:07:55:53 +0000] "GET /users HTTP/1.1" 304 -
::1 - - [29/Oct/2017:07:55:58 +0000] "GET /users/1 HTTP/1.1" 200 25
::1 - - [29/Oct/2017:07:56:02 +0000] "GET /users/2 HTTP/1.1" 200 25
::1 - - [29/Oct/2017:07:56:42 +0000] "GET /users/2 HTTP/1.1" 200 24
::1 - - [29/Oct/2017:07:56:42 +0000] "GET /favicon.ico HTTP/1.1" 200 3778
::1 - - [29/Oct/2017:07:56:46 +0000] "GET /users/1 HTTP/1.1" 200 24
::1 - - [29/Oct/2017:07:56:50 +0000] "GET /users/0 HTTP/1.1" 200 25
::1 - - [29/Oct/2017:07:59:58 +0000] "GET /users/0 HTTP/1.1" 304 -
::1 - - [29/Oct/2017:07:59:58 +0000] "GET /favicon.ico HTTP/1.1" 200 3778
::1 - - [29/Oct/2017:08:00:02 +0000] "GET /users/1 HTTP/1.1" 304 -
::1 - - [29/Oct/2017:08:00:07 +0000] "GET /users/2 HTTP/1.1" 304 -
::1 - - [29/Oct/2017:08:00:10 +0000] "GET /users/3 HTTP/1.1" 302 52
::1 - - [29/Oct/2017:08:00:10 +0000] "GET /404 HTTP/1.1" 404 142
::1 - - [29/Oct/2017:08:03:41 +0000] "GET /users/2 HTTP/1.1" 304 -
::1 - - [29/Oct/2017:08:03:48 +0000] "GET /users/3 HTTP/1.1" 302 52
::1 - - [29/Oct/2017:08:03:48 +0000] "GET /404 HTTP/1.1" 404 142
::1 - - [29/Oct/2017:08:04:05 +0000] "GET /404 HTTP/1.1" 404 142
::1 - - [29/Oct/2017:08:04:05 +0000] "GET /favicon.ico HTTP/1.1" 200 3778
::1 - - [29/Oct/2017:08:12:06 +0000] "GET /404 HTTP/1.1" 200 19
::1 - - [29/Oct/2017:08:12:07 +0000] "GET /favicon.ico HTTP/1.1" 200 3778
::1 - - [29/Oct/2017:08:12:39 +0000] "GET /kljtlejrlkewr HTTP/1.1" 200 19
::1 - - [29/Oct/2017:08:12:45 +0000] "GET /users HTTP/1.1" 200 19
::1 - - [29/Oct/2017:08:12:48 +0000] "GET /users HTTP/1.1" 304 -
::1 - - [29/Oct/2017:08:12:48 +0000] "GET /favicon.ico HTTP/1.1" 200 3778
::1 - - [29/Oct/2017:08:12:55 +0000] "GET /users HTTP/1.1" 200 77
::1 - - [29/Oct/2017:08:12:56 +0000] "GET /favicon.ico HTTP/1.1" 200 3778
::1 - - [29/Oct/2017:08:13:28 +0000] "GET /users HTTP/1.1" 304 -
::1 - - [29/Oct/2017:08:13:30 +0000] "GET /users HTTP/1.1" 304 -
::1 - - [29/Oct/2017:08:13:32 +0000] "GET /userssaff HTTP/1.1" 200 19
::1 - - [29/Oct/2017:08:13:36 +0000] "GET /users HTTP/1.1" 304 -
::1 - - [29/Oct/2017:08:14:18 +0000] "GET /users HTTP/1.1" 304 -
::1 - - [29/Oct/2017:08:14:18 +0000] "GET /favicon.ico HTTP/1.1" 200 3778
::1 - - [29/Oct/2017:08:14:22 +0000] "GET /users/me HTTP/1.1" 200 25
::1 - - [29/Oct/2017:08:14:26 +0000] "GET /users/1 HTTP/1.1" 304 -
::1 - - [29/Oct/2017:08:14:29 +0000] "GET /users/2 HTTP/1.1" 304 -
::1 - - [29/Oct/2017:08:14:32 +0000] "GET /users/3 HTTP/1.1" 302 52
::1 - - [29/Oct/2017:08:14:32 +0000] "GET /404 HTTP/1.1" 304 -
::1 - - [29/Oct/2017:08:16:00 +0000] "GET /login HTTP/1.1" 302 56
::1 - - [29/Oct/2017:08:16:00 +0000] "GET /login HTTP/1.1" 302 56
::1 - - [29/Oct/2017:08:16:00 +0000] "GET /login HTTP/1.1" 302 56
::1 - - [29/Oct/2017:08:16:00 +0000] "GET /login HTTP/1.1" 302 56
::1 - - [29/Oct/2017:08:16:00 +0000] "GET /login HTTP/1.1" 302 56
::1 - - [29/Oct/2017:08:16:00 +0000] "GET /login HTTP/1.1" 302 56
::1 - - [29/Oct/2017:08:16:00 +0000] "GET /login HTTP/1.1" 302 56
::1 - - [29/Oct/2017:08:16:00 +0000] "GET /login HTTP/1.1" 302 56
::1 - - [29/Oct/2017:08:16:00 +0000] "GET /login HTTP/1.1" 302 56
::1 - - [29/Oct/2017:08:16:00 +0000] "GET /login HTTP/1.1" 302 56
::1 - - [29/Oct/2017:08:16:00 +0000] "GET /login HTTP/1.1" 302 56
::1 - - [29/Oct/2017:08:16:00 +0000] "GET /login HTTP/1.1" 302 56
::1 - - [29/Oct/2017:08:16:00 +0000] "GET /login HTTP/1.1" 302 56
::1 - - [29/Oct/2017:08:16:00 +0000] "GET /login HTTP/1.1" 302 56
::1 - - [29/Oct/2017:08:16:00 +0000] "GET /login HTTP/1.1" 302 56
::1 - - [29/Oct/2017:08:16:00 +0000] "GET /login HTTP/1.1" 302 56
::1 - - [29/Oct/2017:08:16:00 +0000] "GET /login HTTP/1.1" 302 56
::1 - - [29/Oct/2017:08:16:00 +0000] "GET /login HTTP/1.1" 302 56
::1 - - [29/Oct/2017:08:16:00 +0000] "GET /login HTTP/1.1" 302 56
::1 - - [29/Oct/2017:08:16:00 +0000] "GET /login HTTP/1.1" 302 56
::1 - - [29/Oct/2017:08:16:00 +0000] "GET /login HTTP/1.1" 302 56
::1 - - [29/Oct/2017:08:16:00 +0000] "GET /login HTTP/1.1" 302 56
::1 - - [29/Oct/2017:08:16:00 +0000] "GET /login HTTP/1.1" 302 56
::1 - - [29/Oct/2017:08:16:00 +0000] "GET /login HTTP/1.1" 302 56
::1 - - [29/Oct/2017:08:16:00 +0000] "GET /login HTTP/1.1" 302 56
::1 - - [29/Oct/2017:08:16:01 +0000] "GET /login HTTP/1.1" 302 56
::1 - - [29/Oct/2017:08:16:01 +0000] "GET /login HTTP/1.1" 302 56
::1 - - [29/Oct/2017:08:16:01 +0000] "GET /login HTTP/1.1" 302 56
::1 - - [29/Oct/2017:08:16:01 +0000] "GET /login HTTP/1.1" 302 56
::1 - - [29/Oct/2017:08:16:01 +0000] "GET /login HTTP/1.1" 302 56
::1 - - [29/Oct/2017:08:16:01 +0000] "GET /login HTTP/1.1" 302 56
::1 - - [29/Oct/2017:08:16:01 +0000] "GET /login HTTP/1.1" 302 56
::1 - - [29/Oct/2017:08:16:01 +0000] "GET /login HTTP/1.1" 302 56
::1 - - [29/Oct/2017:08:16:01 +0000] "GET /login HTTP/1.1" 302 56
::1 - - [29/Oct/2017:08:16:01 +0000] "GET /login HTTP/1.1" 302 56
::1 - - [29/Oct/2017:08:16:01 +0000] "GET /login HTTP/1.1" 302 56
::1 - - [29/Oct/2017:08:16:01 +0000] "GET /login HTTP/1.1" 302 56
::1 - - [29/Oct/2017:08:16:01 +0000] "GET /login HTTP/1.1" 302 56
::1 - - [29/Oct/2017:08:16:01 +0000] "GET /login HTTP/1.1" 302 56
::1 - - [29/Oct/2017:08:16:01 +0000] "GET /login HTTP/1.1" 302 56
::1 - - [29/Oct/2017:08:16:01 +0000] "GET /login HTTP/1.1" 302 56
::1 - - [29/Oct/2017:08:16:01 +0000] "GET /login HTTP/1.1" 302 56
::1 - - [29/Oct/2017:08:16:11 +0000] "GET /login HTTP/1.1" 302 56
::1 - - [29/Oct/2017:08:16:11 +0000] "GET /login HTTP/1.1" 302 56
::1 - - [29/Oct/2017:08:16:11 +0000] "GET /login HTTP/1.1" 302 56
::1 - - [29/Oct/2017:08:16:11 +0000] "GET /login HTTP/1.1" 302 56
::1 - - [29/Oct/2017:08:16:11 +0000] "GET /login HTTP/1.1" 302 56
::1 - - [29/Oct/2017:08:16:11 +0000] "GET /login HTTP/1.1" 302 56
::1 - - [29/Oct/2017:08:16:11 +0000] "GET /login HTTP/1.1" 302 56
::1 - - [29/Oct/2017:08:16:11 +0000] "GET /login HTTP/1.1" 302 56
::1 - - [29/Oct/2017:08:16:11 +0000] "GET /login HTTP/1.1" 302 56
::1 - - [29/Oct/2017:08:16:11 +0000] "GET /login HTTP/1.1" 302 56
::1 - - [29/Oct/2017:08:16:11 +0000] "GET /login HTTP/1.1" 302 56
::1 - - [29/Oct/2017:08:16:11 +0000] "GET /login HTTP/1.1" 302 56
::1 - - [29/Oct/2017:08:16:11 +0000] "GET /login HTTP/1.1" 302 56
::1 - - [29/Oct/2017:08:16:11 +0000] "GET /login HTTP/1.1" 302 56
::1 - - [29/Oct/2017:08:16:11 +0000] "GET /login HTTP/1.1" 302 56
::1 - - [29/Oct/2017:08:16:11 +0000] "GET /login HTTP/1.1" 302 56
::1 - - [29/Oct/2017:08:16:11 +0000] "GET /login HTTP/1.1" 302 56
::1 - - [29/Oct/2017:08:16:11 +0000] "GET /login HTTP/1.1" 302 56
::1 - - [29/Oct/2017:08:16:11 +0000] "GET /login HTTP/1.1" 302 56
::1 - - [29/Oct/2017:08:16:11 +0000] "GET /login HTTP/1.1" 302 56
::1 - - [29/Oct/2017:08:16:11 +0000] "GET /login HTTP/1.1" 302 56
::1 - - [29/Oct/2017:08:16:16 +0000] "GET /login HTTP/1.1" 302 56
::1 - - [29/Oct/2017:08:16:16 +0000] "GET /login HTTP/1.1" 302 56
::1 - - [29/Oct/2017:08:16:16 +0000] "GET /login HTTP/1.1" 302 56
::1 - - [29/Oct/2017:08:16:16 +0000] "GET /login HTTP/1.1" 302 56
::1 - - [29/Oct/2017:08:16:16 +0000] "GET /login HTTP/1.1" 302 56
::1 - - [29/Oct/2017:08:16:16 +0000] "GET /login HTTP/1.1" 302 56
::1 - - [29/Oct/2017:08:16:16 +0000] "GET /login HTTP/1.1" 302 56
::1 - - [29/Oct/2017:08:16:16 +0000] "GET /login HTTP/1.1" 302 56
::1 - - [29/Oct/2017:08:16:16 +0000] "GET /login HTTP/1.1" 302 56
::1 - - [29/Oct/2017:08:16:16 +0000] "GET /login HTTP/1.1" 302 56
::1 - - [29/Oct/2017:08:16:16 +0000] "GET /login HTTP/1.1" 302 56
::1 - - [29/Oct/2017:08:16:16 +0000] "GET /login HTTP/1.1" 302 56
::1 - - [29/Oct/2017:08:16:16 +0000] "GET /login HTTP/1.1" 302 56
::1 - - [29/Oct/2017:08:16:16 +0000] "GET /login HTTP/1.1" 302 56
::1 - - [29/Oct/2017:08:16:16 +0000] "GET /login HTTP/1.1" 302 56
::1 - - [29/Oct/2017:08:16:16 +0000] "GET /login HTTP/1.1" 302 56
::1 - - [29/Oct/2017:08:16:16 +0000] "GET /login HTTP/1.1" 302 56
::1 - - [29/Oct/2017:08:16:16 +0000] "GET /login HTTP/1.1" 302 56
::1 - - [29/Oct/2017:08:16:16 +0000] "GET /login HTTP/1.1" 302 56
::1 - - [29/Oct/2017:08:16:16 +0000] "GET /login HTTP/1.1" 302 56
::1 - - [29/Oct/2017:08:16:16 +0000] "GET /login HTTP/1.1" 302 56
::1 - - [29/Oct/2017:08:16:26 +0000] "GET /login HTTP/1.1" 302 56
::1 - - [29/Oct/2017:08:16:26 +0000] "GET /login HTTP/1.1" 302 56
::1 - - [29/Oct/2017:08:16:26 +0000] "GET /login HTTP/1.1" 302 56
::1 - - [29/Oct/2017:08:16:26 +0000] "GET /login HTTP/1.1" 302 56
::1 - - [29/Oct/2017:08:16:26 +0000] "GET /login HTTP/1.1" 302 56
::1 - - [29/Oct/2017:08:16:26 +0000] "GET /login HTTP/1.1" 302 56
::1 - - [29/Oct/2017:08:16:26 +0000] "GET /login HTTP/1.1" 302 56
::1 - - [29/Oct/2017:08:16:26 +0000] "GET /login HTTP/1.1" 302 56
::1 - - [29/Oct/2017:08:16:26 +0000] "GET /login HTTP/1.1" 302 56
::1 - - [29/Oct/2017:08:16:26 +0000] "GET /login HTTP/1.1" 302 56
::1 - - [29/Oct/2017:08:16:26 +0000] "GET /login HTTP/1.1" 302 56
::1 - - [29/Oct/2017:08:16:26 +0000] "GET /login HTTP/1.1" 302 56
::1 - - [29/Oct/2017:08:16:26 +0000] "GET /login HTTP/1.1" 302 56
::1 - - [29/Oct/2017:08:16:26 +0000] "GET /login HTTP/1.1" 302 56
::1 - - [29/Oct/2017:08:16:26 +0000] "GET /login HTTP/1.1" 302 56
::1 - - [29/Oct/2017:08:16:26 +0000] "GET /login HTTP/1.1" 302 56
::1 - - [29/Oct/2017:08:16:27 +0000] "GET /login HTTP/1.1" 302 56
::1 - - [29/Oct/2017:08:16:27 +0000] "GET /login HTTP/1.1" 302 56
::1 - - [29/Oct/2017:08:16:27 +0000] "GET /login HTTP/1.1" 302 56
::1 - - [29/Oct/2017:08:16:27 +0000] "GET /login HTTP/1.1" 302 56
::1 - - [29/Oct/2017:08:16:27 +0000] "GET /login HTTP/1.1" 302 56
::1 - - [29/Oct/2017:08:16:29 +0000] "GET /login HTTP/1.1" 302 56
::1 - - [29/Oct/2017:08:16:29 +0000] "GET /login HTTP/1.1" 302 56
::1 - - [29/Oct/2017:08:16:29 +0000] "GET /login HTTP/1.1" 302 56
::1 - - [29/Oct/2017:08:16:29 +0000] "GET /login HTTP/1.1" 302 56
::1 - - [29/Oct/2017:08:16:29 +0000] "GET /login HTTP/1.1" 302 56
::1 - - [29/Oct/2017:08:16:29 +0000] "GET /login HTTP/1.1" 302 56
::1 - - [29/Oct/2017:08:16:29 +0000] "GET /login HTTP/1.1" 302 56
::1 - - [29/Oct/2017:08:16:29 +0000] "GET /login HTTP/1.1" 302 56
::1 - - [29/Oct/2017:08:16:29 +0000] "GET /login HTTP/1.1" 302 56
::1 - - [29/Oct/2017:08:16:29 +0000] "GET /login HTTP/1.1" 302 56
::1 - - [29/Oct/2017:08:16:29 +0000] "GET /login HTTP/1.1" 302 56
::1 - - [29/Oct/2017:08:16:29 +0000] "GET /login HTTP/1.1" 302 56
::1 - - [29/Oct/2017:08:16:29 +0000] "GET /login HTTP/1.1" 302 56
::1 - - [29/Oct/2017:08:16:29 +0000] "GET /login HTTP/1.1" 302 56
::1 - - [29/Oct/2017:08:16:29 +0000] "GET /login HTTP/1.1" 302 56
::1 - - [29/Oct/2017:08:16:29 +0000] "GET /login HTTP/1.1" 302 56
::1 - - [29/Oct/2017:08:16:29 +0000] "GET /login HTTP/1.1" 302 56
::1 - - [29/Oct/2017:08:16:29 +0000] "GET /login HTTP/1.1" 302 56
::1 - - [29/Oct/2017:08:16:29 +0000] "GET /login HTTP/1.1" 302 56
::1 - - [29/Oct/2017:08:16:29 +0000] "GET /login HTTP/1.1" 302 56
::1 - - [29/Oct/2017:08:16:29 +0000] "GET /login HTTP/1.1" 302 56
::1 - - [29/Oct/2017:08:16:30 +0000] "GET /login HTTP/1.1" 302 56
::1 - - [29/Oct/2017:08:16:30 +0000] "GET /login HTTP/1.1" 302 56
::1 - - [29/Oct/2017:08:16:30 +0000] "GET /login HTTP/1.1" 302 56
::1 - - [29/Oct/2017:08:16:30 +0000] "GET /login HTTP/1.1" 302 56
::1 - - [29/Oct/2017:08:16:30 +0000] "GET /login HTTP/1.1" 302 56
::1 - - [29/Oct/2017:08:16:30 +0000] "GET /login HTTP/1.1" 302 56
::1 - - [29/Oct/2017:08:16:30 +0000] "GET /login HTTP/1.1" 302 56
::1 - - [29/Oct/2017:08:16:30 +0000] "GET /login HTTP/1.1" 302 56
::1 - - [29/Oct/2017:08:16:30 +0000] "GET /login HTTP/1.1" 302 56
::1 - - [29/Oct/2017:08:16:30 +0000] "GET /login HTTP/1.1" 302 56
::1 - - [29/Oct/2017:08:16:30 +0000] "GET /login HTTP/1.1" 302 56
::1 - - [29/Oct/2017:08:16:30 +0000] "GET /login HTTP/1.1" 302 56
::1 - - [29/Oct/2017:08:16:30 +0000] "GET /login HTTP/1.1" 302 56
::1 - - [29/Oct/2017:08:16:30 +0000] "GET /login HTTP/1.1" 302 56
::1 - - [29/Oct/2017:08:16:30 +0000] "GET /login HTTP/1.1" 302 56
::1 - - [29/Oct/2017:08:16:30 +0000] "GET /login HTTP/1.1" 302 56
::1 - - [29/Oct/2017:08:16:30 +0000] "GET /login HTTP/1.1" 302 56
::1 - - [29/Oct/2017:08:16:30 +0000] "GET /login HTTP/1.1" 302 56
::1 - - [29/Oct/2017:08:16:30 +0000] "GET /login HTTP/1.1" 302 56
::1 - - [29/Oct/2017:08:16:30 +0000] "GET /login HTTP/1.1" 302 56
::1 - - [29/Oct/2017:08:16:30 +0000] "GET /login HTTP/1.1" 302 56
::1 - - [29/Oct/2017:08:35:18 +0000] "GET / HTTP/1.1" 304 -
::1 - - [29/Oct/2017:08:35:24 +0000] "GET /users HTTP/1.1" 500 2329
::1 - - [29/Oct/2017:08:35:45 +0000] "GET /users HTTP/1.1" 500 2329
::1 - - [29/Oct/2017:08:36:27 +0000] "GET /users HTTP/1.1" 500 2329
::1 - - [29/Oct/2017:08:36:31 +0000] "GET /users HTTP/1.1" 500 2329
::1 - - [29/Oct/2017:08:37:06 +0000] "GET /users HTTP/1.1" 200 2
::1 - - [29/Oct/2017:08:37:53 +0000] "GET /users HTTP/1.1" 200 2
::1 - - [29/Oct/2017:08:40:51 +0000] "GET /users HTTP/1.1" 304 -
::1 - - [29/Oct/2017:08:41:13 +0000] "GET /users HTTP/1.1" 200 2
::1 - - [29/Oct/2017:08:41:25 +0000] "GET /users HTTP/1.1" 200 2
::1 - - [29/Oct/2017:08:41:28 +0000] "GET /users HTTP/1.1" 200 2
::1 - - [29/Oct/2017:08:41:34 +0000] "GET /users HTTP/1.1" 200 2
::1 - - [29/Oct/2017:08:41:38 +0000] "GET /users HTTP/1.1" 200 2
::1 - - [29/Oct/2017:08:45:01 +0000] "GET /users HTTP/1.1" 200 2
::1 - - [29/Oct/2017:08:45:09 +0000] "GET /users/totals HTTP/1.1" 302 52
::1 - - [29/Oct/2017:08:45:09 +0000] "GET /404 HTTP/1.1" 304 -
::1 - - [29/Oct/2017:08:46:22 +0000] "GET /users/total HTTP/1.1" 500 2097
::1 - - [29/Oct/2017:08:46:52 +0000] "GET /users/total HTTP/1.1" 500 2097
::1 - - [29/Oct/2017:08:47:18 +0000] "GET /users/total HTTP/1.1" 500 2314
::1 - - [29/Oct/2017:08:47:20 +0000] "GET /users/total HTTP/1.1" 500 2314
::1 - - [29/Oct/2017:08:47:21 +0000] "GET /users/total HTTP/1.1" 500 2314
::1 - - [29/Oct/2017:08:47:22 +0000] "GET /users/total HTTP/1.1" 500 2314
::1 - - [29/Oct/2017:08:47:22 +0000] "GET /users/total HTTP/1.1" 500 2314
::1 - - [29/Oct/2017:08:47:22 +0000] "GET /users/total HTTP/1.1" 500 2314
::1 - - [29/Oct/2017:08:47:41 +0000] "GET /users/total HTTP/1.1" 500 2097
::1 - - [29/Oct/2017:08:47:44 +0000] "GET /users/total HTTP/1.1" 500 2097
::1 - - [29/Oct/2017:08:47:45 +0000] "GET /users/total HTTP/1.1" 500 2097
::1 - - [29/Oct/2017:08:47:45 +0000] "GET /users/total HTTP/1.1" 500 2097
::1 - - [29/Oct/2017:08:47:45 +0000] "GET /users/total HTTP/1.1" 500 2097
::1 - - [29/Oct/2017:08:48:01 +0000] "GET /users/total HTTP/1.1" 302 52
::1 - - [29/Oct/2017:08:48:01 +0000] "GET /404 HTTP/1.1" 200 19
::1 - - [29/Oct/2017:08:48:03 +0000] "GET /404 HTTP/1.1" 200 19
::1 - - [29/Oct/2017:08:48:12 +0000] "GET /users/total HTTP/1.1" 302 52
::1 - - [29/Oct/2017:08:48:12 +0000] "GET /404 HTTP/1.1" 304 -
::1 - - [29/Oct/2017:08:49:12 +0000] "GET /users HTTP/1.1" 304 -
::1 - - [29/Oct/2017:08:50:05 +0000] "GET / HTTP/1.1" 200 21
::1 - - [29/Oct/2017:08:50:49 +0000] "GET /users HTTP/1.1" 200 2
::1 - - [29/Oct/2017:08:51:11 +0000] "GET /users HTTP/1.1" 200 2
::1 - - [29/Oct/2017:08:55:43 +0000] "GET /users HTTP/1.1" 200 2
::1 - - [29/Oct/2017:08:57:24 +0000] "POST /users HTTP/1.1" 404 145
::1 - - [29/Oct/2017:08:58:02 +0000] "POST /users HTTP/1.1" 500 2338
::1 - - [29/Oct/2017:08:58:54 +0000] "POST /users HTTP/1.1" 500 2338
::1 - - [29/Oct/2017:09:00:08 +0000] "POST /users HTTP/1.1" 500 2338
::1 - - [29/Oct/2017:09:00:21 +0000] "POST /users HTTP/1.1" 500 2338
::1 - - [29/Oct/2017:09:00:34 +0000] "POST /users HTTP/1.1" 500 2338
::1 - - [29/Oct/2017:09:01:31 +0000] "POST /users HTTP/1.1" - -
::1 - - [29/Oct/2017:09:03:03 +0000] "POST /users HTTP/1.1" 500 2310
::1 - - [29/Oct/2017:09:04:38 +0000] "POST /users HTTP/1.1" 201 84
::1 - - [29/Oct/2017:09:05:20 +0000] "POST /users HTTP/1.1" 201 92
::1 - - [29/Oct/2017:09:05:27 +0000] "POST /users HTTP/1.1" 201 92
::1 - - [29/Oct/2017:09:05:28 +0000] "POST /users HTTP/1.1" 201 92
::1 - - [29/Oct/2017:09:05:29 +0000] "POST /users HTTP/1.1" 201 92
::1 - - [29/Oct/2017:09:05:30 +0000] "POST /users HTTP/1.1" 201 92
::1 - - [29/Oct/2017:09:06:04 +0000] "POST /users HTTP/1.1" 201 92
::1 - - [29/Oct/2017:09:06:23 +0000] "GET /users HTTP/1.1" 200 2
::1 - - [29/Oct/2017:09:06:29 +0000] "POST /users HTTP/1.1" 201 92
::1 - - [29/Oct/2017:09:07:14 +0000] "GET /3241234124 HTTP/1.1" 200 19
::1 - - [29/Oct/2017:09:07:19 +0000] "GET /3241234124 HTTP/1.1" 200 19
::1 - - [29/Oct/2017:09:07:20 +0000] "GET /3241234124 HTTP/1.1" 200 19
::1 - - [29/Oct/2017:09:07:20 +0000] "GET /3241234124 HTTP/1.1" 200 19
::1 - - [29/Oct/2017:09:07:21 +0000] "GET /3241234124 HTTP/1.1" 200 19
::1 - - [29/Oct/2017:09:07:23 +0000] "GET /3241234124 HTTP/1.1" 200 19
::1 - - [29/Oct/2017:09:08:33 +0000] "GET /3241234124 HTTP/1.1" 404 19
::1 - - [29/Oct/2017:09:08:46 +0000] "GET /437yruihoefjkanfasdfkds HTTP/1.1" 404 19
::1 - - [29/Oct/2017:09:08:53 +0000] "GET /437yruihoefjkanfasdfkds HTTP/1.1" 200 19
::1 - - [29/Oct/2017:09:09:07 +0000] "GET /437yruihoefjkanfasdfkds HTTP/1.1" 404 19
::1 - - [29/Oct/2017:09:11:40 +0000] "POST /users HTTP/1.1" 201 84
::1 - - [29/Oct/2017:09:12:08 +0000] "GET /users HTTP/1.1" 200 86
::1 - - [29/Oct/2017:09:12:13 +0000] "POST /users HTTP/1.1" 201 84
::1 - - [29/Oct/2017:09:12:15 +0000] "POST /users HTTP/1.1" 201 84
::1 - - [29/Oct/2017:09:12:15 +0000] "POST /users HTTP/1.1" 201 84
::1 - - [29/Oct/2017:09:12:19 +0000] "GET /users HTTP/1.1" 200 341
::1 - - [29/Oct/2017:09:12:28 +0000] "GET /users HTTP/1.1" 200 341
::1 - - [29/Oct/2017:09:13:26 +0000] "GET /users/total HTTP/1.1" 200 0
::1 - - [29/Oct/2017:09:14:27 +0000] "GET /users/total HTTP/1.1" 200 2
::1 - - [29/Oct/2017:09:14:30 +0000] "GET /users/total HTTP/1.1" 200 2
::1 - - [29/Oct/2017:09:16:20 +0000] "GET /users HTTP/1.1" 304 -
::1 - - [29/Oct/2017:09:18:32 +0000] "GET /users HTTP/1.1" 200 341
::1 - - [29/Oct/2017:09:18:38 +0000] "POST /users HTTP/1.1" 500 2331
::1 - - [29/Oct/2017:09:19:18 +0000] "POST /users HTTP/1.1" 201 84
::1 - - [29/Oct/2017:09:19:23 +0000] "GET /users HTTP/1.1" 200 426
::1 - - [29/Oct/2017:09:19:37 +0000] "GET /users/59f59b4c526cb771efd3362d HTTP/1.1" 302 52
::1 - - [29/Oct/2017:09:19:37 +0000] "GET /404 HTTP/1.1" 404 19
::1 - - [29/Oct/2017:09:21:32 +0000] "GET /users/carmelo HTTP/1.1" 200 84
::1 - - [29/Oct/2017:09:21:36 +0000] "GET /users/carmelo%20huesca HTTP/1.1" 200 84
::1 - - [29/Oct/2017:09:21:44 +0000] "GET /users/carmelo HTTP/1.1" 304 -
::1 - - [29/Oct/2017:09:21:50 +0000] "GET /users/juan HTTP/1.1" 200 84
::1 - - [29/Oct/2017:09:22:19 +0000] "GET /users/ HTTP/1.1" 200 426
::1 - - [29/Oct/2017:09:24:05 +0000] "POST /users HTTP/1.1" 201 84
::1 - - [29/Oct/2017:09:30:08 +0000] "GET /users HTTP/1.1" - -
::1 - - [29/Oct/2017:09:31:16 +0000] "GET / HTTP/1.1" 200 21
::1 - - [29/Oct/2017:09:31:47 +0000] "GET /users HTTP/1.1" - -
::1 - - [29/Oct/2017:09:40:33 +0000] "GET /users HTTP/1.1" - -
::1 - - [29/Oct/2017:09:40:55 +0000] "POST /users HTTP/1.1" - -
::1 - - [29/Oct/2017:09:41:20 +0000] "GET / HTTP/1.1" 200 21
::1 - - [29/Oct/2017:09:41:26 +0000] "GET / HTTP/1.1" 200 21
::1 - - [29/Oct/2017:09:41:38 +0000] "GET /home HTTP/1.1" 200 11
::1 - - [29/Oct/2017:09:42:16 +0000] "GET /users HTTP/1.1" - -
::1 - - [29/Oct/2017:09:42:24 +0000] "GET /users HTTP/1.1" 200 77
::1 - - [29/Oct/2017:09:42:53 +0000] "GET /users/1 HTTP/1.1" 200 24
::1 - - [29/Oct/2017:09:42:55 +0000] "GET /users/2 HTTP/1.1" 200 24
::1 - - [29/Oct/2017:09:42:57 +0000] "GET /users/0 HTTP/1.1" 200 25
::1 - - [29/Oct/2017:09:43:00 +0000] "GET /users/6 HTTP/1.1" 302 26
::1 - - [29/Oct/2017:09:43:00 +0000] "GET /404 HTTP/1.1" 404 19
::1 - - [29/Oct/2017:09:43:03 +0000] "GET /users/5 HTTP/1.1" 302 26
::1 - - [29/Oct/2017:09:43:03 +0000] "GET /404 HTTP/1.1" 404 19
::1 - - [29/Oct/2017:09:43:07 +0000] "GET /users/1 HTTP/1.1" 200 24
::1 - - [29/Oct/2017:09:43:08 +0000] "GET /users/2 HTTP/1.1" 200 24
::1 - - [29/Oct/2017:09:51:35 +0000] "GET /users/ HTTP/1.1" 200 77
::1 - - [29/Oct/2017:09:53:22 +0000] "GET /users/ HTTP/1.1" 200 2
::1 - - [29/Oct/2017:09:55:28 +0000] "GET /users/ HTTP/1.1" 200 144
::1 - - [29/Oct/2017:09:55:31 +0000] "GET /users/ HTTP/1.1" 200 144
::1 - - [29/Oct/2017:09:55:33 +0000] "GET /users/ HTTP/1.1" 200 144
::1 - - [29/Oct/2017:09:55:35 +0000] "GET /users/ HTTP/1.1" 200 144
::1 - - [29/Oct/2017:09:56:01 +0000] "POST /users HTTP/1.1" 201 84
::1 - - [29/Oct/2017:09:56:06 +0000] "GET /users/ HTTP/1.1" 200 229
::1 - - [29/Oct/2017:09:57:44 +0000] "POST /users HTTP/1.1" 201 130
::1 - - [29/Oct/2017:09:57:52 +0000] "GET /users HTTP/1.1" 200 360
::1 - - [29/Oct/2017:10:00:10 +0000] "GET /users/total HTTP/1.1" 200 2
::1 - - [29/Oct/2017:10:00:35 +0000] "GET /users/total HTTP/1.1" 200 2
::1 - - [29/Oct/2017:10:00:50 +0000] "GET /users/total HTTP/1.1" 200 -
::1 - - [29/Oct/2017:10:00:52 +0000] "GET /users/total HTTP/1.1" 200 -
::1 - - [29/Oct/2017:10:01:03 +0000] "GET /users/total HTTP/1.1" 200 1
::1 - - [29/Oct/2017:10:01:11 +0000] "GET /users HTTP/1.1" 200 360
::1 - - [29/Oct/2017:10:01:34 +0000] "GET /users HTTP/1.1" 200 360
::1 - - [29/Oct/2017:10:02:21 +0000] "GET /users HTTP/1.1" 200 360
::1 - - [29/Oct/2017:10:02:25 +0000] "GET /users/count HTTP/1.1" 302 26
::1 - - [29/Oct/2017:10:02:25 +0000] "GET /404 HTTP/1.1" 404 19
::1 - - [29/Oct/2017:10:02:31 +0000] "GET /users/total HTTP/1.1" 200 11
::1 - - [29/Oct/2017:10:02:40 +0000] "GET /users HTTP/1.1" 200 360
::1 - - [29/Oct/2017:10:02:43 +0000] "GET /users/total HTTP/1.1" 200 11
::1 - - [29/Oct/2017:10:03:15 +0000] "GET /users/count HTTP/1.1" 200 11
::1 - - [29/Oct/2017:10:03:34 +0000] "POST /users HTTP/1.1" 201 129
::1 - - [29/Oct/2017:10:03:41 +0000] "GET /users HTTP/1.1" 200 490
::1 - - [29/Oct/2017:10:04:04 +0000] "GET /users/ HTTP/1.1" 200 490
::1 - - [29/Oct/2017:10:04:33 +0000] "GET /users/ HTTP/1.1" 200 405
::1 - - [29/Oct/2017:10:59:38 +0000] "GET /users/ HTTP/1.1" 200 405
::1 - - [29/Oct/2017:12:05:37 +0000] "GET /users/ HTTP/1.1" 200 405
::1 - - [29/Oct/2017:12:10:57 +0000] "GET /users/ HTTP/1.1" 200 405
::1 - - [29/Oct/2017:12:11:55 +0000] "POST /users HTTP/1.1" 201 129
::1 - - [29/Oct/2017:12:12:01 +0000] "GET /users HTTP/1.1" 200 535
::1 - - [29/Oct/2017:12:17:39 +0000] "DELETE /users/59f5a618538d207994038413 HTTP/1.1" - -
::1 - - [29/Oct/2017:12:28:09 +0000] "POST /users HTTP/1.1" 201 130
::1 - - [29/Oct/2017:12:28:22 +0000] "DELETE /users/59f5c95946d1717ecf4fe73e HTTP/1.1" 200 18
::1 - - [29/Oct/2017:12:31:24 +0000] "GET /users/count HTTP/1.1" 200 11
::1 - - [29/Oct/2017:12:31:30 +0000] "POST /users HTTP/1.1" 201 132
::1 - - [29/Oct/2017:12:31:50 +0000] "GET /users HTTP/1.1" 200 537
::1 - - [29/Oct/2017:12:33:39 +0000] "POST /users HTTP/1.1" 201 132
::1 - - [29/Oct/2017:12:34:55 +0000] "GET /users HTTP/1.1" 200 670
::1 - - [29/Oct/2017:12:35:14 +0000] "POST /users HTTP/1.1" 201 130
::1 - - [29/Oct/2017:12:37:01 +0000] "DELETE /users/59f5cb029328ec7f5b5f614d HTTP/1.1" 404 14
::1 - - [29/Oct/2017:12:37:10 +0000] "GET /users HTTP/1.1" 200 801
::1 - - [29/Oct/2017:12:38:35 +0000] "DELETE /users/59f5cb029328ec7f5b5f614d HTTP/1.1" 204 -
::1 - - [29/Oct/2017:12:39:07 +0000] "GET /users HTTP/1.1" 200 670
::1 - - [29/Oct/2017:12:39:16 +0000] "DELETE /users/59f5ca226589957f19291d65 HTTP/1.1" 204 -
::1 - - [29/Oct/2017:12:39:31 +0000] "GET /users HTTP/1.1" 200 537
::1 - - [29/Oct/2017:12:39:44 +0000] "DELETE /users/59f5caa38e4bf27f46f19657 HTTP/1.1" 204 -
::1 - - [29/Oct/2017:12:39:49 +0000] "GET /users HTTP/1.1" 200 404
::1 - - [29/Oct/2017:12:39:57 +0000] "POST /users HTTP/1.1" 201 130
::1 - - [29/Oct/2017:12:40:01 +0000] "GET /users HTTP/1.1" 200 535
::1 - - [29/Oct/2017:12:40:15 +0000] "DELETE /users/59f5cc1d47234b7fc2ac8da3 HTTP/1.1" 204 -
::1 - - [29/Oct/2017:12:41:52 +0000] "DELETE /users/59f5cc1d47234b7fc2ac8da3 HTTP/1.1" 404 14
::1 - - [29/Oct/2017:12:43:20 +0000] "GET /users HTTP/1.1" 200 404
::1 - - [29/Oct/2017:12:43:34 +0000] "DELETE /users/59f5a776eec3ab7ad6349005 HTTP/1.1" 204 -
::1 - - [29/Oct/2017:12:43:38 +0000] "GET /users HTTP/1.1" 200 274
::1 - - [29/Oct/2017:12:44:30 +0000] "GET /users HTTP/1.1" 200 274
::1 - - [29/Oct/2017:12:44:39 +0000] "DELETE /users/59f5c58beec3ab7ad6349006 HTTP/1.1" 204 -
::1 - - [29/Oct/2017:12:44:43 +0000] "GET /users HTTP/1.1" 200 144
::1 - - [29/Oct/2017:12:47:45 +0000] "GET /users HTTP/1.1" 200 144
::1 - - [29/Oct/2017:12:47:56 +0000] "DELETE /users/59f5a57bf7d95a78d80d1b6d HTTP/1.1" 204 -
::1 - - [29/Oct/2017:12:48:00 +0000] "GET /users HTTP/1.1" 200 2
::1 - - [29/Oct/2017:12:48:17 +0000] "GET /users HTTP/1.1" 200 2
::1 - - [29/Oct/2017:12:48:18 +0000] "GET /users HTTP/1.1" 200 2
::1 - - [29/Oct/2017:12:48:19 +0000] "GET /users HTTP/1.1" 200 2
::1 - - [29/Oct/2017:12:48:26 +0000] "GET /users HTTP/1.1" 200 2
::1 - - [29/Oct/2017:20:48:40 +0000] "GET /users/ HTTP/1.1" 200 2
::1 - - [29/Oct/2017:20:48:53 +0000] "POST /users HTTP/1.1" 201 130
::1 - - [29/Oct/2017:20:49:04 +0000] "GET /users/ HTTP/1.1" 200 132
::1 - - [29/Oct/2017:20:52:08 +0000] "GET /users/59f5a618538d207994038413 HTTP/1.1" 404 14
::1 - - [29/Oct/2017:20:52:14 +0000] "GET /users HTTP/1.1" 200 132
::1 - - [29/Oct/2017:20:52:25 +0000] "GET /users/59f63eb599295580de055716 HTTP/1.1" 200 130
::1 - - [29/Oct/2017:20:52:31 +0000] "GET /users/59f63eb599295580de0557166 HTTP/1.1" 404 14
::1 - - [29/Oct/2017:20:52:34 +0000] "GET /users/59f63eb599295580de055716 HTTP/1.1" 200 130
::1 - - [29/Oct/2017:20:56:11 +0000] "GET /users HTTP/1.1" 200 132
::1 - - [29/Oct/2017:20:57:46 +0000] "PUT /users/59f63eb599295580de055716 HTTP/1.1" 204 -
::1 - - [29/Oct/2017:20:57:54 +0000] "GET /users HTTP/1.1" 200 132
::1 - - [29/Oct/2017:21:02:10 +0000] "PUT /users/59f63eb599295580de055716 HTTP/1.1" 204 -
::1 - - [29/Oct/2017:21:02:26 +0000] "GET /users HTTP/1.1" 200 134
::1 - - [29/Oct/2017:21:02:45 +0000] "PUT /users/59f63eb599295580de055716 HTTP/1.1" 204 -
::1 - - [29/Oct/2017:21:02:57 +0000] "GET /users HTTP/1.1" 200 126
::1 - - [29/Oct/2017:21:04:53 +0000] "GET /users/me HTTP/1.1" 200 252
::1 - - [29/Oct/2017:21:07:37 +0000] "GET /users/me HTTP/1.1" 200 283
::1 - - [29/Oct/2017:21:08:29 +0000] "GET /users/59f63eb599295580de055716 HTTP/1.1" 200 124
::1 - - [29/Oct/2017:21:09:12 +0000] "GET /users/59f63eb599295580de055716 HTTP/1.1" 200 124
::1 - - [29/Oct/2017:21:12:59 +0000] "GET /users/59f63eb599295580de055716 HTTP/1.1" 500 2263
::1 - - [29/Oct/2017:21:13:55 +0000] "GET /users/59f63eb599295580de055716 HTTP/1.1" 500 2263
::1 - - [29/Oct/2017:21:14:39 +0000] "GET /users/59f63eb599295580de055716 HTTP/1.1" 500 2263
::1 - - [29/Oct/2017:21:14:41 +0000] "GET /users/59f63eb599295580de055716 HTTP/1.1" 500 2263
::1 - - [29/Oct/2017:21:16:05 +0000] "GET /users/59f63eb599295580de055716 HTTP/1.1" 500 2263
::1 - - [29/Oct/2017:21:16:55 +0000] "GET /users/59f63eb599295580de055716 HTTP/1.1" 500 2263
::1 - - [29/Oct/2017:21:18:45 +0000] "GET /users/59f63eb599295580de055716 HTTP/1.1" 200 124
::1 - - [29/Oct/2017:21:21:28 +0000] "PUT /users/59f63eb599295580de055716 HTTP/1.1" 204 -
::1 - - [29/Oct/2017:21:21:34 +0000] "GET /users/59f63eb599295580de055716 HTTP/1.1" 200 132
::1 - - [29/Oct/2017:21:21:48 +0000] "PUT /users/59f63eb599295580de055716 HTTP/1.1" 204 -
::1 - - [29/Oct/2017:21:21:53 +0000] "GET /users HTTP/1.1" 200 126
::1 - - [29/Oct/2017:21:23:39 +0000] "DELETE /users/59f63eb599295580de055716 HTTP/1.1" 204 -
::1 - - [29/Oct/2017:21:23:48 +0000] "GET /users HTTP/1.1" 200 2
::1 - - [29/Oct/2017:21:23:54 +0000] "POST /users HTTP/1.1" 201 130
::1 - - [29/Oct/2017:21:23:57 +0000] "GET /users HTTP/1.1" 200 132
::1 - - [29/Oct/2017:21:24:01 +0000] "PUT /users/59f63eb599295580de055716 HTTP/1.1" 404 14
::1 - - [29/Oct/2017:21:24:10 +0000] "GET /users HTTP/1.1" 200 132
::1 - - [29/Oct/2017:21:24:17 +0000] "PUT /users/59f646ea361cc303c0c611e6 HTTP/1.1" 204 -
::1 - - [29/Oct/2017:21:24:31 +0000] "GET /users HTTP/1.1" 200 134
::1 - - [29/Oct/2017:21:24:42 +0000] "GET /users HTTP/1.1" 200 134
::1 - - [29/Oct/2017:21:27:13 +0000] "GET /users HTTP/1.1" 500 2298
::1 - - [29/Oct/2017:21:27:53 +0000] "GET /users HTTP/1.1" 500 2298
::1 - - [29/Oct/2017:21:28:44 +0000] "GET /users HTTP/1.1" 500 2317
::1 - - [29/Oct/2017:21:29:21 +0000] "GET /users HTTP/1.1" 500 2317
::1 - - [29/Oct/2017:21:30:17 +0000] "GET /users HTTP/1.1" 500 2317
::1 - - [29/Oct/2017:21:32:40 +0000] "GET /users HTTP/1.1" 500 2317
::1 - - [29/Oct/2017:21:33:45 +0000] "GET /users HTTP/1.1" 500 2317
::1 - - [29/Oct/2017:21:34:14 +0000] "GET /users HTTP/1.1" 500 2317
::1 - - [29/Oct/2017:21:34:42 +0000] "GET /users HTTP/1.1" 200 134
::1 - - [29/Oct/2017:21:38:41 +0000] "GET /users HTTP/1.1" 200 134
::1 - - [29/Oct/2017:21:42:35 +0000] "GET /users HTTP/1.1" 200 134
::1 - - [29/Oct/2017:21:44:03 +0000] "GET /users HTTP/1.1" 500 2324
::1 - - [29/Oct/2017:21:46:07 +0000] "GET /users HTTP/1.1" 500 2330
::1 - - [29/Oct/2017:21:46:08 +0000] "GET /users HTTP/1.1" 500 2330
::1 - - [29/Oct/2017:21:50:25 +0000] "GET /users HTTP/1.1" 500 2330
::1 - - [29/Oct/2017:21:50:49 +0000] "GET /users HTTP/1.1" 500 2330
::1 - - [29/Oct/2017:21:51:11 +0000] "GET /users HTTP/1.1" 500 2317
::1 - - [29/Oct/2017:21:52:26 +0000] "GET /users HTTP/1.1" 500 2275
::1 - - [29/Oct/2017:21:53:03 +0000] "GET /users HTTP/1.1" 500 2275
::1 - - [29/Oct/2017:21:53:50 +0000] "GET /users HTTP/1.1" 500 2317
::1 - - [29/Oct/2017:21:55:05 +0000] "GET /users HTTP/1.1" 500 2322
::1 - - [29/Oct/2017:21:55:28 +0000] "GET /users HTTP/1.1" 500 2322
::1 - - [29/Oct/2017:21:56:00 +0000] "GET /users HTTP/1.1" 500 2302
::1 - - [29/Oct/2017:21:56:01 +0000] "GET /users HTTP/1.1" 500 2302
::1 - - [29/Oct/2017:21:59:21 +0000] "GET /users HTTP/1.1" 200 134
::1 - - [29/Oct/2017:22:01:01 +0000] "GET /users HTTP/1.1" 200 134
::1 - - [29/Oct/2017:22:02:00 +0000] "GET /users HTTP/1.1" 200 134
